<?xml version="1.0" encoding="UTF-8"?>
<!-- Generated by org.testng.reporters.JUnitReportReporter -->
<testsuite hostname="DESKTOP-C036CLP" failures="0" tests="1" name="Day7.Authentication" time="3.330" errors="0" timestamp="2025-01-03T19:28:39 IST" skipped="0">
  <testcase classname="Day7.Authentication" name="testAPIKeyAuthentication" time="3.330"/>
  <system-out/>
</testsuite> <!-- Day7.Authentication -->
