<?xml version="1.0" encoding="UTF-8"?>
<!-- Generated by org.testng.reporters.JUnitReportReporter -->
<testsuite hostname="DESKTOP-C036CLP" failures="0" tests="4" name="Day1.HttpRequests" time="4.135" errors="0" timestamp="2024-12-26T16:17:18 IST" skipped="0">
  <testcase classname="Day1.HttpRequests" name="getListOfUsers" time="2.531"/>
  <system-out/>
  <testcase classname="Day1.HttpRequests" name="postUser" time="0.720"/>
  <system-out/>
  <testcase classname="Day1.HttpRequests" name="updateUser" time="0.479"/>
  <system-out/>
  <testcase classname="Day1.HttpRequests" name="deleteUser" time="0.405"/>
  <system-out/>
</testsuite> <!-- Day1.HttpRequests -->
