<?xml version="1.0" encoding="UTF-8"?>
<!-- Generated by org.testng.reporters.JUnitReportReporter -->
<testsuite hostname="DESKTOP-C036CLP" failures="0" tests="1" name="Day3.PathAndQueryParameter" time="2.225" errors="0" timestamp="2024-12-27T18:41:58 IST" skipped="0">
  <testcase classname="Day3.PathAndQueryParameter" name="testQueryPathParam" time="2.225"/>
  <system-out/>
</testsuite> <!-- Day3.PathAndQueryParameter -->
