<?xml version="1.0" encoding="UTF-8"?>
<!-- Generated by org.testng.reporters.JUnitReportReporter -->
<testsuite hostname="DESKTOP-C036CLP" failures="0" tests="1" name="Day6.SerializationDesrialization" time="0.219" errors="0" timestamp="2025-01-03T16:35:07 IST" skipped="0">
  <testcase classname="Day6.SerializationDesrialization" name="JSON2POJO" time="0.219"/>
  <system-out/>
</testsuite> <!-- Day6.SerializationDesrialization -->
