<?xml version="1.0" encoding="UTF-8"?>
<!-- Generated by org.testng.reporters.JUnitReportReporter -->
<testsuite hostname="DESKTOP-C036CLP" failures="0" tests="1" name="Day4.JSONResponseValidation" time="2.501" errors="0" timestamp="2024-12-28T15:48:55 IST" skipped="0">
  <testcase classname="Day4.JSONResponseValidation" name="testJSONResponseUsingVariable" time="2.501"/>
  <system-out/>
</testsuite> <!-- Day4.JSONResponseValidation -->
