<?xml version="1.0" encoding="UTF-8"?>
<!-- Generated by org.testng.reporters.JUnitReportReporter -->
<testsuite hostname="DESKTOP-C036CLP" failures="0" tests="1" name="Day6.JsonSchemaValidation" time="2.732" errors="0" timestamp="2025-01-01T17:02:09 IST" skipped="0">
  <testcase classname="Day6.JsonSchemaValidation" name="jsonSchemaValidation" time="2.732"/>
  <system-out/>
</testsuite> <!-- Day6.JsonSchemaValidation -->
