<?xml version="1.0" encoding="UTF-8"?>
<!-- Generated by org.testng.reporters.JUnitReportReporter -->
<testsuite hostname="DESKTOP-C036CLP" failures="0" tests="1" name="Day3.LoggingDemo" time="2.217" errors="0" timestamp="2024-12-27T19:55:10 IST" skipped="0">
  <testcase classname="Day3.LoggingDemo" name="testLogging" time="2.217"/>
  <system-out/>
</testsuite> <!-- Day3.LoggingDemo -->
