<?xml version="1.0" encoding="UTF-8"?>
<!-- Generated by org.testng.reporters.JUnitReportReporter -->
<testsuite hostname="DESKTOP-C036CLP" failures="0" tests="1" name="Day7.FakerDataGenerator" time="0.294" errors="0" timestamp="2025-01-03T20:02:18 IST" skipped="0">
  <testcase classname="Day7.FakerDataGenerator" name="testGenerateDummyData" time="0.294"/>
  <system-out/>
</testsuite> <!-- Day7.FakerDataGenerator -->
