<?xml version="1.0" encoding="UTF-8"?>
<!-- Generated by org.testng.reporters.JUnitReportReporter -->
<testsuite hostname="DESKTOP-C036CLP" failures="0" tests="1" name="Day3.HeadersDemo" time="2.650" errors="0" timestamp="2024-12-27T19:49:29 IST" skipped="0">
  <testcase classname="Day3.HeadersDemo" name="getMultipleHeaders" time="2.650"/>
  <system-out/>
</testsuite> <!-- Day3.HeadersDemo -->
