<?xml version="1.0" encoding="UTF-8"?>
<!-- Generated by org.testng.reporters.JUnitReportReporter -->
<testsuite hostname="DESKTOP-C036CLP" failures="0" tests="1" name="Day8.CreateUser" time="2.794" errors="0" timestamp="2025-01-06T20:08:08 IST" skipped="0">
  <testcase classname="Day8.CreateUser" name="createUser" time="2.794"/>
  <system-out/>
</testsuite> <!-- Day8.CreateUser -->
