<?xml version="1.0" encoding="UTF-8"?>
<!-- Generated by org.testng.reporters.JUnitReportReporter -->
<testsuite hostname="DESKTOP-C036CLP" failures="0" tests="1" name="Day6.xmlSchemaValidation" time="3.965" errors="0" timestamp="2025-01-01T17:20:34 IST" skipped="0">
  <testcase classname="Day6.xmlSchemaValidation" name="validateXMLSchema" time="3.965"/>
  <system-out/>
</testsuite> <!-- Day6.xmlSchemaValidation -->
