<?xml version="1.0" encoding="UTF-8"?>
<!-- Generated by org.testng.reporters.JUnitReportReporter -->
<testsuite hostname="DESKTOP-C036CLP" failures="0" tests="1" name="Day2.PostRequest" time="1.430" errors="0" timestamp="2025-01-03T19:44:05 IST" skipped="0">
  <testcase classname="Day2.PostRequest" name="postByJSONFile" time="1.430"/>
  <system-out/>
</testsuite> <!-- Day2.PostRequest -->
