<?xml version="1.0" encoding="UTF-8"?>
<!-- Generated by org.testng.reporters.JUnitReportReporter -->
<testsuite hostname="DESKTOP-C036CLP" failures="0" tests="1" name="Day3.CookiesAndHeaders" time="2.536" errors="0" timestamp="2024-12-27T19:16:38 IST" skipped="0">
  <testcase classname="Day3.CookiesAndHeaders" name="getAllCookiesInfo" time="2.536"/>
  <system-out/>
</testsuite> <!-- Day3.CookiesAndHeaders -->
